<?xml version="1.0" encoding="UTF-8"?>
<!-- Generated by org.testng.reporters.JUnitReportReporter -->
<testsuite skipped="0" hostname="WKWUS0915228" name="GMC.Amazon.Amazon" tests="1" failures="0" timestamp="01 Nov 2022 14:14:42 GMT" time="4.295" errors="0">
  <testcase name="f" time="4.295" classname="GMC.Amazon.Amazon"/>
</testsuite> <!-- GMC.Amazon.Amazon -->
